07-17-2020 @ 14:34:19 - WC_Gateway_PPEC_Client::_request: remote request to https://api-3t.paypal.com/nvp with params: Array
(
    [LOGOIMG] => 
    [HDRIMG] => 
    [PAGESTYLE] => 
    [BRANDNAME] => Kofaa
    [RETURNURL] => http://localhost/kof/checkout/?woo-paypal-return=true
    [CANCELURL] => http://localhost/kof/cart/?woo-paypal-cancel=true
    [ADDROVERRIDE] => 1
    [LANDINGPAGE] => Login
    [SOLUTIONTYPE] => Sole
    [REQBILLINGADDRESS] => 1
    [PAYMENTREQUEST_0_PAYMENTACTION] => sale
    [PAYMENTREQUEST_0_INSURANCEAMT] => 0
    [PAYMENTREQUEST_0_HANDLINGAMT] => 0
    [PAYMENTREQUEST_0_CUSTOM] => 
    [PAYMENTREQUEST_0_INVNUM] => 
    [PAYMENTREQUEST_0_CURRENCYCODE] => AED
    [PAYMENTREQUEST_0_AMT] => 10
    [PAYMENTREQUEST_0_ITEMAMT] => 10
    [PAYMENTREQUEST_0_SHIPPINGAMT] => 0
    [PAYMENTREQUEST_0_TAXAMT] => 0
    [PAYMENTREQUEST_0_SHIPDISCAMT] => 0
    [NOSHIPPING] => 1
    [EMAIL] => karan.singh@oodlestechnologies.com
    [PAYMENTREQUEST_0_SHIPTONAME] => Test karan
    [PAYMENTREQUEST_0_SHIPTOSTREET] => hold
    [PAYMENTREQUEST_0_SHIPTOSTREET2] => 
    [PAYMENTREQUEST_0_SHIPTOCITY] => guruggram
    [PAYMENTREQUEST_0_SHIPTOSTATE] => HR
    [PAYMENTREQUEST_0_SHIPTOZIP] => 123432
    [PAYMENTREQUEST_0_SHIPTOCOUNTRYCODE] => IN
    [PAYMENTREQUEST_0_SHIPTOPHONENUM] => 8700997476
    [L_PAYMENTREQUEST_0_NAME0] => Test course
    [L_PAYMENTREQUEST_0_DESC0] => But I must explain to you how all this mistaken idea of denouncing pleasure and praising pain was born and I will give you a co
    [L_PAYMENTREQUEST_0_QTY0] => 1
    [L_PAYMENTREQUEST_0_AMT0] => 10
    [L_PAYMENTREQUEST_0_NUMBER0] => 
    [METHOD] => SetExpressCheckout
    [VERSION] => 120.0
    [USER] => kofaats_api1.gmail.com
    [PWD] => FATUK8XG4TMCWXNM
    [SIGNATURE] => ALyBPL6HsXT-5I3c762d-AI6c2swAfy.pqLS6Vx6jv0BDHJaF9b2tSV2
)

07-17-2020 @ 14:34:22 - WC_Gateway_PPEC_Client::_process_response: acknowleged response body: Array
(
    [TIMESTAMP] => 2020-07-17T14:34:22Z
    [CORRELATIONID] => 36c24c84a96fc
    [ACK] => Failure
    [VERSION] => 120.0
    [BUILD] => 54724480
    [L_ERRORCODE0] => 10605
    [L_SHORTMESSAGE0] => Transaction refused because of an invalid argument. See additional error messages for details.
    [L_LONGMESSAGE0] => Receiving country does not support the transaction currency.
    [L_SEVERITYCODE0] => Error
)

